mode: set
github.com/username/myapp/repository/user_repository.go:25.51,29.2 1 0
github.com/username/myapp/repository/user_repository.go:32.55,34.19 2 0
github.com/username/myapp/repository/user_repository.go:34.19,36.6 1 0
github.com/username/myapp/repository/user_repository.go:38.5,39.19 2 0
github.com/username/myapp/repository/user_repository.go:39.19,41.6 1 0
github.com/username/myapp/repository/user_repository.go:43.5,43.26 1 0
github.com/username/myapp/repository/user_repository.go:43.26,45.6 1 0
github.com/username/myapp/repository/user_repository.go:47.5,47.15 1 0
github.com/username/myapp/handler/user_handler.go:16.63,20.2 1 0
github.com/username/myapp/handler/user_handler.go:23.56,26.19 3 0
github.com/username/myapp/handler/user_handler.go:26.19,30.6 1 0
github.com/username/myapp/handler/user_handler.go:32.5,33.19 2 0
github.com/username/myapp/handler/user_handler.go:33.19,34.44 1 0
github.com/username/myapp/handler/user_handler.go:34.44,38.10 1 0
github.com/username/myapp/handler/user_handler.go:39.9,41.11 1 0
github.com/username/myapp/handler/user_handler.go:44.5,44.45 1 0
github.com/username/myapp/service/user_service.go:15.65,19.2 1 0
github.com/username/myapp/service/user_service.go:22.52,24.2 1 0
github.com/username/myapp/handler/user_handler.go:16.63,20.2 1 1
github.com/username/myapp/handler/user_handler.go:23.56,26.19 3 1
github.com/username/myapp/handler/user_handler.go:26.19,30.6 1 1
github.com/username/myapp/handler/user_handler.go:32.5,33.19 2 1
github.com/username/myapp/handler/user_handler.go:33.19,34.44 1 1
github.com/username/myapp/handler/user_handler.go:34.44,38.10 1 1
github.com/username/myapp/handler/user_handler.go:39.9,41.11 1 0
github.com/username/myapp/handler/user_handler.go:44.5,44.45 1 1
github.com/username/myapp/repository/user_repository.go:25.51,29.2 1 1
github.com/username/myapp/repository/user_repository.go:32.55,34.19 2 1
github.com/username/myapp/repository/user_repository.go:34.19,36.6 1 0
github.com/username/myapp/repository/user_repository.go:38.5,39.19 2 1
github.com/username/myapp/repository/user_repository.go:39.19,41.6 1 0
github.com/username/myapp/repository/user_repository.go:43.5,43.26 1 1
github.com/username/myapp/repository/user_repository.go:43.26,45.6 1 1
github.com/username/myapp/repository/user_repository.go:47.5,47.15 1 1
github.com/username/myapp/service/user_service.go:15.65,19.2 1 1
github.com/username/myapp/service/user_service.go:22.52,24.2 1 1
